<?xml version="1.0" encoding="UTF-8"?>
<testng-results skipped="0" failed="0" ignored="0" total="1" passed="1">
  <reporter-output>
  </reporter-output>
  <suite name="Default suite" duration-ms="20028" started-at="2021-07-14T07:58:30Z" finished-at="2021-07-14T07:58:50Z">
    <groups>
    </groups>
    <test name="Default test" duration-ms="20028" started-at="2021-07-14T07:58:30Z" finished-at="2021-07-14T07:58:50Z">
      <class name="com.script.Demo">
        <test-method status="PASS" signature="TestSetUp()[pri:0, instance:com.script.Demo@59f99ea]" name="TestSetUp" is-config="true" duration-ms="7610" started-at="2021-07-14T07:58:30Z" finished-at="2021-07-14T07:58:38Z">
          <reporter-output>
          </reporter-output>
        </test-method> <!-- TestSetUp -->
        <test-method status="PASS" signature="Testng()[pri:0, instance:com.script.Demo@59f99ea]" name="Testng" duration-ms="12409" started-at="2021-07-14T07:58:38Z" finished-at="2021-07-14T07:58:50Z">
          <reporter-output>
          </reporter-output>
        </test-method> <!-- Testng -->
      </class> <!-- com.script.Demo -->
    </test> <!-- Default test -->
  </suite> <!-- Default suite -->
</testng-results>
